  Recording.cpp
C:\Users\erlin\source\repos\VizlabRecording\include\Exception.h(46,5): warning C4275:  non dll-interface class 'std::exception' used as base for dll-interface class 'Spinnaker::Exception'
C:\Program Files (x86)\Microsoft Visual Studio\2019\Community\VC\Tools\MSVC\14.21.27702\include\vcruntime_exception.h(44): message :  see declaration of 'std::exception'
C:\Users\erlin\source\repos\VizlabRecording\include\Exception.h(45): message :  see declaration of 'Spinnaker::Exception'
C:\Users\erlin\source\repos\VizlabRecording\include\SpinGenApi\NodeMap.h(284,79): warning C4251:  'Spinnaker::GenApi::NodeMap::m_portAdapters': class 'std::vector<std::shared_ptr<Spinnaker::GenApi::PortAdapter>,std::allocator<_Ty>>' needs to have dll-interface to be used by clients of class 'Spinnaker::GenApi::NodeMap'
C:\Users\erlin\source\repos\VizlabRecording\include\SpinGenApi\NodeMap.h(284,79): warning C4251:         with
C:\Users\erlin\source\repos\VizlabRecording\include\SpinGenApi\NodeMap.h(284,79): warning C4251:         [
C:\Users\erlin\source\repos\VizlabRecording\include\SpinGenApi\NodeMap.h(284,79): warning C4251:             _Ty=std::shared_ptr<Spinnaker::GenApi::PortAdapter>
C:\Users\erlin\source\repos\VizlabRecording\include\SpinGenApi\NodeMap.h(284,79): warning C4251:         ]
C:\Users\erlin\source\repos\VizlabRecording\include\SpinGenApi\NodeMap.h(284): message :  see declaration of 'std::vector<std::shared_ptr<Spinnaker::GenApi::PortAdapter>,std::allocator<_Ty>>'
C:\Users\erlin\source\repos\VizlabRecording\include\SpinGenApi\NodeMap.h(284): message :         with
C:\Users\erlin\source\repos\VizlabRecording\include\SpinGenApi\NodeMap.h(284): message :         [
C:\Users\erlin\source\repos\VizlabRecording\include\SpinGenApi\NodeMap.h(284): message :             _Ty=std::shared_ptr<Spinnaker::GenApi::PortAdapter>
C:\Users\erlin\source\repos\VizlabRecording\include\SpinGenApi\NodeMap.h(284): message :         ]
C:\Users\erlin\source\repos\VizlabRecording\include\SpinGenApi\NodeMap.h(286,85): warning C4251:  'Spinnaker::GenApi::NodeMap::m_nodeMap': class 'std::map<Spinnaker::GenICam::gcstring,std::shared_ptr<Spinnaker::GenApi::INode>,std::less<_Kty>,std::allocator<std::pair<const _Kty,_Ty>>>' needs to have dll-interface to be used by clients of class 'Spinnaker::GenApi::NodeMap'
C:\Users\erlin\source\repos\VizlabRecording\include\SpinGenApi\NodeMap.h(286,85): warning C4251:         with
C:\Users\erlin\source\repos\VizlabRecording\include\SpinGenApi\NodeMap.h(286,85): warning C4251:         [
C:\Users\erlin\source\repos\VizlabRecording\include\SpinGenApi\NodeMap.h(286,85): warning C4251:             _Kty=Spinnaker::GenICam::gcstring,
C:\Users\erlin\source\repos\VizlabRecording\include\SpinGenApi\NodeMap.h(286,85): warning C4251:             _Ty=std::shared_ptr<Spinnaker::GenApi::INode>
C:\Users\erlin\source\repos\VizlabRecording\include\SpinGenApi\NodeMap.h(286,85): warning C4251:         ]
C:\Users\erlin\source\repos\VizlabRecording\include\SpinGenApi\NodeMap.h(278): message :  see declaration of 'std::map<Spinnaker::GenICam::gcstring,std::shared_ptr<Spinnaker::GenApi::INode>,std::less<_Kty>,std::allocator<std::pair<const _Kty,_Ty>>>'
C:\Users\erlin\source\repos\VizlabRecording\include\SpinGenApi\NodeMap.h(278): message :         with
C:\Users\erlin\source\repos\VizlabRecording\include\SpinGenApi\NodeMap.h(278): message :         [
C:\Users\erlin\source\repos\VizlabRecording\include\SpinGenApi\NodeMap.h(278): message :             _Kty=Spinnaker::GenICam::gcstring,
C:\Users\erlin\source\repos\VizlabRecording\include\SpinGenApi\NodeMap.h(278): message :             _Ty=std::shared_ptr<Spinnaker::GenApi::INode>
C:\Users\erlin\source\repos\VizlabRecording\include\SpinGenApi\NodeMap.h(278): message :         ]
C:\Users\erlin\source\repos\VizlabRecording\include\SpinGenApi\EventPort.h(158,29): warning C4251:  'Spinnaker::GenApi::CEventPort::m_pNode': class 'Spinnaker::GenApi::CPointer<Spinnaker::GenApi::INode,Spinnaker::GenApi::IBase>' needs to have dll-interface to be used by clients of class 'Spinnaker::GenApi::CEventPort'
C:\Users\erlin\source\repos\VizlabRecording\include\SpinGenApi\Pointer.h(276): message :  see declaration of 'Spinnaker::GenApi::CPointer<Spinnaker::GenApi::INode,Spinnaker::GenApi::IBase>'
C:\Users\erlin\source\repos\VizlabRecording\include\SpinGenApi\EventPort.h(160,56): warning C4251:  'Spinnaker::GenApi::CEventPort::m_pPortAdapter': class 'std::shared_ptr<Spinnaker::GenApi::PortAdapter>' needs to have dll-interface to be used by clients of class 'Spinnaker::GenApi::CEventPort'
C:\Users\erlin\source\repos\VizlabRecording\include\SpinGenApi\NodeMap.h(284): message :  see declaration of 'std::shared_ptr<Spinnaker::GenApi::PortAdapter>'
C:\Users\erlin\source\repos\VizlabRecording\VizlabRecording\Recording.cpp(19,20): warning C4018:  '<': signed/unsigned mismatch
C:\Users\erlin\source\repos\VizlabRecording\VizlabRecording\Recording.cpp(155,38): warning C4267:  'argument': conversion from 'size_t' to 'unsigned int', possible loss of data
C:\Users\erlin\source\repos\VizlabRecording\VizlabRecording\Recording.cpp(182,38): warning C4267:  'argument': conversion from 'size_t' to 'unsigned int', possible loss of data
C:\Users\erlin\source\repos\VizlabRecording\VizlabRecording\Recording.cpp(194,38): warning C4267:  'argument': conversion from 'size_t' to 'unsigned int', possible loss of data
C:\Users\erlin\source\repos\VizlabRecording\VizlabRecording\Recording.cpp(272,21): warning C4018:  '<': signed/unsigned mismatch
  Generating code
  2 of 795 functions ( 0.3%) were compiled, the rest were copied from previous compilation.
    0 functions were new in current compilation
    1 functions had inline decision re-evaluated but remain unchanged
  Finished generating code
  VizlabRecording.vcxproj -> C:\Users\erlin\source\repos\VizlabRecording\x64\Release\VizlabRecording.exe
