c:\users\erlin\source\repos\vizlabrecording\vizlabrecording\x64\release\vizlabrecording.pch
c:\users\erlin\source\repos\vizlabrecording\vizlabrecording\x64\release\vc142.pdb
c:\users\erlin\source\repos\vizlabrecording\vizlabrecording\x64\release\pch.obj
c:\users\erlin\source\repos\vizlabrecording\vizlabrecording\x64\release\recordingparameters.obj
c:\users\erlin\source\repos\vizlabrecording\vizlabrecording\x64\release\camutil.obj
c:\users\erlin\source\repos\vizlabrecording\vizlabrecording\x64\release\cameraconfiguration.obj
c:\users\erlin\source\repos\vizlabrecording\vizlabrecording\x64\release\vizlabrecording.obj
c:\users\erlin\source\repos\vizlabrecording\vizlabrecording\x64\release\recording.obj
c:\users\erlin\source\repos\vizlabrecording\x64\release\vizlabrecording.exe
c:\users\erlin\source\repos\vizlabrecording\x64\release\vizlabrecording.pdb
c:\users\erlin\source\repos\vizlabrecording\x64\release\vizlabrecording.ipdb
c:\users\erlin\source\repos\vizlabrecording\x64\release\vizlabrecording.iobj
c:\users\erlin\source\repos\vizlabrecording\vizlabrecording\x64\release\vizlabrecording.tlog\cl.command.1.tlog
c:\users\erlin\source\repos\vizlabrecording\vizlabrecording\x64\release\vizlabrecording.tlog\cl.read.1.tlog
c:\users\erlin\source\repos\vizlabrecording\vizlabrecording\x64\release\vizlabrecording.tlog\cl.write.1.tlog
c:\users\erlin\source\repos\vizlabrecording\vizlabrecording\x64\release\vizlabrecording.tlog\link.command.1.tlog
c:\users\erlin\source\repos\vizlabrecording\vizlabrecording\x64\release\vizlabrecording.tlog\link.delete.1.tlog
c:\users\erlin\source\repos\vizlabrecording\vizlabrecording\x64\release\vizlabrecording.tlog\link.read.1.tlog
c:\users\erlin\source\repos\vizlabrecording\vizlabrecording\x64\release\vizlabrecording.tlog\link.write.1.tlog
c:\users\erlin\source\repos\vizlabrecording\vizlabrecording\x64\release\vizlabrecording.tlog\vizlabrecording.write.1u.tlog
